<?xml version="1.0" encoding="UTF-8"?>
<testng-results skipped="0" failed="1" ignored="0" total="2" passed="1">
  <reporter-output>
    <line>
      <![CDATA[Patient Login present --> false]]>
    </line>
  </reporter-output>
  <suite name="Default suite" duration-ms="26403" started-at="2019-02-21T14:32:32Z" finished-at="2019-02-21T14:32:58Z">
    <groups>
    </groups>
    <test name="Default test" duration-ms="26403" started-at="2019-02-21T14:32:32Z" finished-at="2019-02-21T14:32:58Z">
      <class name="patientTests.PatientRegistrationTest">
        <test-method status="PASS" signature="openbrowser()[pri:0, instance:patientTests.PatientRegistrationTest@4883b407]" name="openbrowser" is-config="true" duration-ms="4992" started-at="2019-02-21T14:32:32Z" finished-at="2019-02-21T14:32:37Z">
          <reporter-output>
          </reporter-output>
        </test-method> <!-- openbrowser -->
        <test-method status="PASS" signature="openWithUrl()[pri:0, instance:patientTests.PatientRegistrationTest@4883b407]" name="openWithUrl" is-config="true" duration-ms="21227" started-at="2019-02-21T14:32:37Z" finished-at="2019-02-21T14:32:58Z">
          <reporter-output>
          </reporter-output>
        </test-method> <!-- openWithUrl -->
        <test-method status="FAIL" signature="validatePatientButton()[pri:1, instance:patientTests.PatientRegistrationTest@4883b407]" name="validatePatientButton" duration-ms="91" started-at="2019-02-21T14:32:58Z" description="TC_001, Validate Patient-Login Button" finished-at="2019-02-21T14:32:58Z">
          <exception class="java.lang.AssertionError">
            <message>
              <![CDATA[Patient Login Button Not present expected [true] but found [false]]]>
            </message>
            <full-stacktrace>
              <![CDATA[java.lang.AssertionError: Patient Login Button Not present expected [true] but found [false]
at org.testng.Assert.fail(Assert.java:96)
at org.testng.Assert.failNotEquals(Assert.java:776)
at org.testng.Assert.assertTrue(Assert.java:44)
at patientTests.PatientRegistrationTest.validatePatientButton(PatientRegistrationTest.java:19)
at sun.reflect.NativeMethodAccessorImpl.invoke0(Native Method)
at sun.reflect.NativeMethodAccessorImpl.invoke(Unknown Source)
at sun.reflect.DelegatingMethodAccessorImpl.invoke(Unknown Source)
at java.lang.reflect.Method.invoke(Unknown Source)
at org.testng.internal.MethodInvocationHelper.invokeMethod(MethodInvocationHelper.java:124)
at org.testng.internal.Invoker.invokeMethod(Invoker.java:583)
at org.testng.internal.Invoker.invokeTestMethod(Invoker.java:719)
at org.testng.internal.Invoker.invokeTestMethods(Invoker.java:989)
at org.testng.internal.TestMethodWorker.invokeTestMethods(TestMethodWorker.java:125)
at org.testng.internal.TestMethodWorker.run(TestMethodWorker.java:109)
at org.testng.TestRunner.privateRun(TestRunner.java:648)
at org.testng.TestRunner.run(TestRunner.java:505)
at org.testng.SuiteRunner.runTest(SuiteRunner.java:455)
at org.testng.SuiteRunner.runSequentially(SuiteRunner.java:450)
at org.testng.SuiteRunner.privateRun(SuiteRunner.java:415)
at org.testng.SuiteRunner.run(SuiteRunner.java:364)
at org.testng.SuiteRunnerWorker.runSuite(SuiteRunnerWorker.java:52)
at org.testng.SuiteRunnerWorker.run(SuiteRunnerWorker.java:84)
at org.testng.TestNG.runSuitesSequentially(TestNG.java:1208)
at org.testng.TestNG.runSuitesLocally(TestNG.java:1137)
at org.testng.TestNG.runSuites(TestNG.java:1049)
at org.testng.TestNG.run(TestNG.java:1017)
at org.testng.remote.AbstractRemoteTestNG.run(AbstractRemoteTestNG.java:114)
at org.testng.remote.RemoteTestNG.initAndRun(RemoteTestNG.java:251)
at org.testng.remote.RemoteTestNG.main(RemoteTestNG.java:77)
]]>
            </full-stacktrace>
          </exception> <!-- java.lang.AssertionError -->
          <reporter-output>
            <line>
              <![CDATA[Patient Login present --> false]]>
            </line>
          </reporter-output>
        </test-method> <!-- validatePatientButton -->
        <test-method status="PASS" signature="validateRegistrationButton()[pri:2, instance:patientTests.PatientRegistrationTest@4883b407]" name="validateRegistrationButton" duration-ms="3" started-at="2019-02-21T14:32:58Z" description="TC_002, Validate registration button" finished-at="2019-02-21T14:32:58Z">
          <reporter-output>
          </reporter-output>
        </test-method> <!-- validateRegistrationButton -->
        <test-method status="PASS" signature="closebrowser()[pri:0, instance:patientTests.PatientRegistrationTest@4883b407]" name="closebrowser" is-config="true" duration-ms="51" started-at="2019-02-21T14:32:58Z" finished-at="2019-02-21T14:32:58Z">
          <reporter-output>
          </reporter-output>
        </test-method> <!-- closebrowser -->
      </class> <!-- patientTests.PatientRegistrationTest -->
    </test> <!-- Default test -->
  </suite> <!-- Default suite -->
</testng-results>
